{"message":"Application running on port 3000","level":"info"}
{"message":"connected to the db","level":"info"}
{"message":"connected to the db","level":"info"}
{"message":"connected to the db","level":"info"}
{"message":"Application running on port 3000","level":"info"}
{"message":"Application running on port 3000","level":"info"}
{"message":"Application running on port 3000","level":"info"}
{"message":"Application running on port 3000","level":"info"}
{"message":"Application running on port 3000","level":"info"}
{"message":"Application running on port 3000","level":"info"}
{"message":"connected to the db","level":"info"}
{"message":"Application running on port 3000","level":"info"}
{"message":"Application running on port 3000","level":"info"}
{"message":"connected to the db","level":"info"}
{"message":"Application running on port 3000","level":"info"}
{"message":"Application running on port 3000","level":"info"}
{"message":"Application running on port 3000","level":"info"}
{"message":"Application running on port 3000","level":"info"}
{"message":"Application running on port 3000","level":"info"}
{"message":"Application running on port 3000","level":"info"}
{"message":"Application running on port 3000","level":"info"}
{"message":"Application running on port 3000","level":"info"}
{"message":"Application running on port 3000","level":"info"}
{"message":"Application running on port 3000","level":"info"}
{"message":"Application running on port 3000","level":"info"}
{"message":"connected to the db","level":"info"}
{"message":"Application running on port 3000","level":"info"}
{"message":"connected to the db","level":"info"}
{"message":"connected to the db","level":"info"}
{"message":"Application running on port 3000","level":"info"}
{"message":"connected to the db","level":"info"}
{"message":"Application running on port 3000","level":"info"}
{"message":"Application running on port 3000","level":"info"}
{"message":"Application running on port 3000","level":"info"}
{"message":"Application running on port 3000","level":"info"}
{"message":"Application running on port 3000","level":"info"}
{"message":"connected to the db","level":"info"}
{"message":"Application running on port 3000","level":"info"}
{"message":"Application running on port 3000","level":"info"}
{"message":"Application running on port 3000","level":"info"}
{"message":"Application running on port 3000","level":"info"}
{"message":"Application running on port 3000","level":"info"}
{"message":"connected to the db","level":"info"}
{"message":"Application running on port 3000","level":"info"}
{"message":"connected to the db","level":"info"}
{"message":"Application running on port 3000","level":"info"}
{"message":"Application running on port 3000","level":"info"}
{"message":"connected to the db","level":"info"}
{"message":"Application running on port 3000","level":"info"}
{"message":"connected to the db","level":"info"}
{"message":"Application running on port 3000","level":"info"}
{"message":"connected to the db","level":"info"}
{"message":"Application running on port 3000","level":"info"}
{"message":"Application running on port 3000","level":"info"}
{"message":"Application running on port 3000","level":"info"}
{"message":"Application running on port 3000","level":"info"}
{"message":"Application running on port 3000","level":"info"}
{"message":"Application running on port 3000","level":"info"}
{"message":"Application running on port 3000","level":"info"}
{"message":"Application running on port 3000","level":"info"}
{"message":"Application running on port 3000","level":"info"}
{"message":"Application running on port 3000","level":"info"}
{"message":"Application running on port 3000","level":"info"}
{"message":"Application running on port 3000","level":"info"}
{"message":"Application running on port 3000","level":"info"}
{"message":"Application running on port 3000","level":"info"}
{"message":"Application running on port 3000","level":"info"}
{"message":"Application running on port 3000","level":"info"}
{"message":"Application running on port 3000","level":"info"}
{"message":"Application running on port 3000","level":"info"}
{"message":"Application running on port 3000","level":"info"}
{"message":"Application running on port 3000","level":"info"}
{"message":"Application running on port 3000","level":"info"}
{"message":"Application running on port 3000","level":"info"}
{"message":"Application running on port 3000","level":"info"}
{"message":"Application running on port 3000","level":"info"}
{"message":"Application running on port 3000","level":"info"}
{"message":"Application running on port 3000","level":"info"}
{"message":"Application running on port 3000","level":"info"}
{"message":"Application running on port 3000","level":"info"}
{"message":"Application running on port 3000","level":"info"}
{"message":"Application running on port 3000","level":"info"}
{"message":"connected to the db","level":"info"}
{"message":"Application running on port 3000","level":"info"}
{"message":"Application running on port 3000","level":"info"}
{"message":"Application running on port 3000","level":"info"}
{"message":"Application running on port 3000","level":"info"}
{"message":"Application running on port 3000","level":"info"}
{"message":"Application running on port 3000","level":"info"}
{"message":"Application running on port 3000","level":"info"}
{"message":"Application running on port 3000","level":"info"}
{"message":"Application running on port 3000","level":"info"}
{"message":"Application running on port 3000","level":"info"}
{"message":"Application running on port 3000","level":"info"}
{"message":"Application running on port 3000","level":"info"}
{"message":"Application running on port 3000","level":"info"}
{"message":"connected to the db","level":"info"}
{"message":"connected to the db","level":"info"}
{"message":"connected to the db","level":"info"}
{"message":"connected to the db","level":"info"}
{"message":"connected to the db","level":"info"}
{"message":"Application running on port 3000","level":"info"}
{"message":"Application running on port 3000","level":"info"}
{"message":"Application running on port 3000","level":"info"}
{"message":"Application running on port 3000","level":"info"}
{"message":"Application running on port 3000","level":"info"}
{"message":"Application running on port 3000","level":"info"}
{"message":"Application running on port 3000","level":"info"}
{"message":"Application running on port 3000","level":"info"}
{"message":"Application running on port 3000","level":"info"}
{"message":"Application running on port 3000","level":"info"}
{"message":"Application running on port 3000","level":"info"}
{"message":"Application running on port 3000","level":"info"}
{"message":"Application running on port 3000","level":"info"}
{"message":"Application running on port 3000","level":"info"}
{"message":"Application running on port 3000","level":"info"}
{"message":"Application running on port 3000","level":"info"}
{"message":"Application running on port 3000","level":"info"}
{"message":"Application running on port 3000","level":"info"}
{"message":"Application running on port 3000","level":"info"}
{"message":"Application running on port 3000","level":"info"}
{"message":"Application running on port 3000","level":"info"}
{"message":"Application running on port 3000","level":"info"}
{"message":"Application running on port 3000","level":"info"}
{"message":"Application running on port 3000","level":"info"}
{"message":"Application running on port 3000","level":"info"}
{"message":"Application running on port 3000","level":"info"}
{"message":"Application running on port 3000","level":"info"}
{"message":"Application running on port 3000","level":"info"}
{"message":"Application running on port 3000","level":"info"}
{"message":"Application running on port 3000","level":"info"}
{"message":"Application running on port 3000","level":"info"}
{"message":"Application running on port 3000","level":"info"}
{"message":"Application running on port 3000","level":"info"}
{"message":"Application running on port 3000","level":"info"}
{"message":"Application running on port 3000","level":"info"}
{"message":"connected to the db","level":"info"}
{"message":"Application running on port 3000","level":"info"}
{"message":"Application running on port 3000","level":"info"}
{"message":"connected to the db","level":"info"}
{"message":"Application running on port 3000","level":"info"}
{"message":"Application running on port 3000","level":"info"}
{"message":"Application running on port 3000","level":"info"}
{"message":"Application running on port 3000","level":"info"}
{"message":"connected to the db","level":"info"}
{"message":"Application running on port 3000","level":"info"}
{"message":"Application running on port 3000","level":"info"}
{"message":"Application running on port 3000","level":"info"}
{"message":"Application running on port 3000","level":"info"}
{"message":"connected to the db","level":"info"}
{"message":"connected to the db","level":"info"}
{"message":"connected to the db","level":"info"}
{"message":"connected to the db","level":"info"}
{"message":"Application running on port 3000","level":"info"}
{"message":"Application running on port 3000","level":"info"}
{"message":"Application running on port 3000","level":"info"}
{"message":"Application running on port 3000","level":"info"}
{"message":"Application running on port 3000","level":"info"}
{"message":"Application running on port 3000","level":"info"}
{"message":"Application running on port 3000","level":"info"}
{"message":"connected to the db","level":"info"}
{"message":"Application running on port 3000","level":"info"}
{"message":"connected to the db","level":"info"}
{"message":"connected to the db","level":"info"}
{"message":"connected to the db","level":"info"}
{"message":"Application running on port 3000","level":"info"}
{"message":{"command":"DROP","rowCount":null,"oid":null,"rows":[],"fields":[],"_parsers":[],"RowCtor":null,"rowAsArray":false},"level":"info"}
{"message":{"command":"CREATE","rowCount":null,"oid":null,"rows":[],"fields":[],"_parsers":[],"RowCtor":null,"rowAsArray":false},"level":"info"}
{"message":"user created [object Object]","level":"info"}
{"message":"party created [object Object]","level":"info"}
{"message":"office created [object Object]","level":"info"}
{"message":"Disconnected","level":"info"}
{"message":{"command":"DROP","rowCount":null,"oid":null,"rows":[],"fields":[],"_parsers":[],"RowCtor":null,"rowAsArray":false},"level":"info"}
{"message":{"command":"CREATE","rowCount":null,"oid":null,"rows":[],"fields":[],"_parsers":[],"RowCtor":null,"rowAsArray":false},"level":"info"}
{"message":"user created [object Object]","level":"info"}
{"message":"office created [object Object]","level":"info"}
{"message":"party created [object Object]","level":"info"}
{"message":"Disconnected","level":"info"}
{"message":"Application running on port 3000","level":"info"}
{"message":"connected to the db","level":"info"}
{"message":"Application running on port 3000","level":"info"}
{"message":"connected to the db","level":"info"}
{"message":"Application running on port 3000","level":"info"}
{"message":"connected to the db","level":"info"}
{"message":"Application running on port 3000","level":"info"}
{"message":"connected to the db","level":"info"}
{"message":"Application running on port 3000","level":"info"}
{"message":"connected to the db","level":"info"}
{"message":"Application running on port 3000","level":"info"}
{"message":"connected to the db","level":"info"}
{"message":"Application running on port 3000","level":"info"}
{"message":"connected to the db","level":"info"}
{"message":"Application running on port 3000","level":"info"}
{"message":"connected to the db","level":"info"}
{"message":"Application running on port 3000","level":"info"}
{"message":"connected to the db","level":"info"}
{"message":"Application running on port 3000","level":"info"}
{"message":"connected to the db","level":"info"}
{"message":"Application running on port 3000","level":"info"}
{"message":"connected to the db","level":"info"}
{"message":"Application running on port 3000","level":"info"}
{"message":"connected to the db","level":"info"}
{"message":"Application running on port 3000","level":"info"}
{"message":"connected to the db","level":"info"}
{"message":"Application running on port 3000","level":"info"}
{"message":"connected to the db","level":"info"}
{"message":"Application running on port 3000","level":"info"}
{"message":"connected to the db","level":"info"}
{"message":"Application running on port 3000","level":"info"}
{"message":"connected to the db","level":"info"}
{"message":"Application running on port 3000","level":"info"}
{"message":"connected to the db","level":"info"}
{"message":"Application running on port 3000","level":"info"}
{"message":"connected to the db","level":"info"}
{"message":"Application running on port 3000","level":"info"}
{"message":"connected to the db","level":"info"}
{"message":"Application running on port 3000","level":"info"}
{"message":"connected to the db","level":"info"}
{"message":"Application running on port 3000","level":"info"}
{"message":"connected to the db","level":"info"}
{"message":"Application running on port 3000","level":"info"}
{"message":"connected to the db","level":"info"}
{"message":"Application running on port 3000","level":"info"}
{"message":"connected to the db","level":"info"}
{"message":"Application running on port 3000","level":"info"}
{"message":"Application running on port 3000","level":"info"}
{"message":"Application running on port 3000","level":"info"}
{"message":"connected to the db","level":"info"}
